<?xml version="1.0" encoding="UTF-8"?>
<testsuite name="com.green.onezo.pay.PayControllerTest" tests="1" skipped="0" failures="0" errors="0" timestamp="2024-05-13T02:59:51" hostname="bagjjun-ui-maegbug.local" time="0.901">
  <properties/>
  <testcase name="결제 요청" classname="com.green.onezo.pay.PayControllerTest" time="0.901"/>
  <system-out><![CDATA[11:59:42.951 [Test worker] INFO org.springframework.test.context.support.AnnotationConfigContextLoaderUtils -- Could not detect default configuration classes for test class [com.green.onezo.pay.PayControllerTest]: PayControllerTest does not declare any static, non-private, non-final, nested classes annotated with @Configuration.
11:59:43.199 [Test worker] INFO org.springframework.boot.test.context.SpringBootTestContextBootstrapper -- Found @SpringBootConfiguration com.green.onezo.OnezoApplication for test class com.green.onezo.pay.PayControllerTest

  .   ____          _            __ _ _
 /\\ / ___'_ __ _ _(_)_ __  __ _ \ \ \ \
( ( )\___ | '_ | '_| | '_ \/ _` | \ \ \ \
 \\/  ___)| |_)| | | | | || (_| |  ) ) ) )
  '  |____| .__|_| |_|_| |_\__, | / / / /
 =========|_|==============|___/=/_/_/_/
 :: Spring Boot ::                (v3.2.5)

2024-05-13T11:59:43.803+09:00  INFO 51310 --- [    Test worker] com.green.onezo.pay.PayControllerTest    : Starting PayControllerTest using Java 21.0.2 with PID 51310 (started by parkjun in /Users/parkjun/OCB-two)
2024-05-13T11:59:43.805+09:00  INFO 51310 --- [    Test worker] com.green.onezo.pay.PayControllerTest    : No active profile set, falling back to 1 default profile: "default"
2024-05-13T11:59:45.330+09:00  INFO 51310 --- [    Test worker] .s.d.r.c.RepositoryConfigurationDelegate : Multiple Spring Data modules found, entering strict repository configuration mode
2024-05-13T11:59:45.333+09:00  INFO 51310 --- [    Test worker] .s.d.r.c.RepositoryConfigurationDelegate : Bootstrapping Spring Data JDBC repositories in DEFAULT mode.
2024-05-13T11:59:45.384+09:00  INFO 51310 --- [    Test worker] .RepositoryConfigurationExtensionSupport : Spring Data JDBC - Could not safely identify store assignment for repository candidate interface com.green.onezo.cart.CartDetailRepository; If you want this repository to be a JDBC repository, consider annotating your entities with one of these annotations: org.springframework.data.relational.core.mapping.Table.
2024-05-13T11:59:45.387+09:00  INFO 51310 --- [    Test worker] .RepositoryConfigurationExtensionSupport : Spring Data JDBC - Could not safely identify store assignment for repository candidate interface com.green.onezo.cart.CartItemRepository; If you want this repository to be a JDBC repository, consider annotating your entities with one of these annotations: org.springframework.data.relational.core.mapping.Table.
2024-05-13T11:59:45.389+09:00  INFO 51310 --- [    Test worker] .RepositoryConfigurationExtensionSupport : Spring Data JDBC - Could not safely identify store assignment for repository candidate interface com.green.onezo.member.MemberRepository; If you want this repository to be a JDBC repository, consider annotating your entities with one of these annotations: org.springframework.data.relational.core.mapping.Table.
2024-05-13T11:59:45.390+09:00  INFO 51310 --- [    Test worker] .RepositoryConfigurationExtensionSupport : Spring Data JDBC - Could not safely identify store assignment for repository candidate interface com.green.onezo.menu.MenuInfoRepository; If you want this repository to be a JDBC repository, consider annotating your entities with one of these annotations: org.springframework.data.relational.core.mapping.Table.
2024-05-13T11:59:45.391+09:00  INFO 51310 --- [    Test worker] .RepositoryConfigurationExtensionSupport : Spring Data JDBC - Could not safely identify store assignment for repository candidate interface com.green.onezo.menu.MenuRepository; If you want this repository to be a JDBC repository, consider annotating your entities with one of these annotations: org.springframework.data.relational.core.mapping.Table.
2024-05-13T11:59:45.392+09:00  INFO 51310 --- [    Test worker] .RepositoryConfigurationExtensionSupport : Spring Data JDBC - Could not safely identify store assignment for repository candidate interface com.green.onezo.menu.NutrientRepository; If you want this repository to be a JDBC repository, consider annotating your entities with one of these annotations: org.springframework.data.relational.core.mapping.Table.
2024-05-13T11:59:45.393+09:00  INFO 51310 --- [    Test worker] .RepositoryConfigurationExtensionSupport : Spring Data JDBC - Could not safely identify store assignment for repository candidate interface com.green.onezo.pay.PayRepository; If you want this repository to be a JDBC repository, consider annotating your entities with one of these annotations: org.springframework.data.relational.core.mapping.Table.
2024-05-13T11:59:45.394+09:00  INFO 51310 --- [    Test worker] .RepositoryConfigurationExtensionSupport : Spring Data JDBC - Could not safely identify store assignment for repository candidate interface com.green.onezo.purchase.PurchaseDetailRepository; If you want this repository to be a JDBC repository, consider annotating your entities with one of these annotations: org.springframework.data.relational.core.mapping.Table.
2024-05-13T11:59:45.395+09:00  INFO 51310 --- [    Test worker] .RepositoryConfigurationExtensionSupport : Spring Data JDBC - Could not safely identify store assignment for repository candidate interface com.green.onezo.purchase.PurchaseRepository; If you want this repository to be a JDBC repository, consider annotating your entities with one of these annotations: org.springframework.data.relational.core.mapping.Table.
2024-05-13T11:59:45.395+09:00  INFO 51310 --- [    Test worker] .RepositoryConfigurationExtensionSupport : Spring Data JDBC - Could not safely identify store assignment for repository candidate interface com.green.onezo.store.StoreRepository; If you want this repository to be a JDBC repository, consider annotating your entities with one of these annotations: org.springframework.data.relational.core.mapping.Table.
2024-05-13T11:59:45.396+09:00  INFO 51310 --- [    Test worker] .s.d.r.c.RepositoryConfigurationDelegate : Finished Spring Data repository scanning in 60 ms. Found 0 JDBC repository interfaces.
2024-05-13T11:59:45.414+09:00  INFO 51310 --- [    Test worker] .s.d.r.c.RepositoryConfigurationDelegate : Multiple Spring Data modules found, entering strict repository configuration mode
2024-05-13T11:59:45.415+09:00  INFO 51310 --- [    Test worker] .s.d.r.c.RepositoryConfigurationDelegate : Bootstrapping Spring Data JPA repositories in DEFAULT mode.
2024-05-13T11:59:45.463+09:00  INFO 51310 --- [    Test worker] .s.d.r.c.RepositoryConfigurationDelegate : Finished Spring Data repository scanning in 44 ms. Found 10 JPA repository interfaces.
2024-05-13T11:59:45.773+09:00  INFO 51310 --- [    Test worker] o.s.cloud.context.scope.GenericScope     : BeanFactory id=98237620-4a2d-365a-afa0-6e024f516cee
2024-05-13T11:59:45.903+09:00  INFO 51310 --- [    Test worker] ptablePropertiesBeanFactoryPostProcessor : Post-processing PropertySource instances
2024-05-13T11:59:45.904+09:00  INFO 51310 --- [    Test worker] c.u.j.EncryptablePropertySourceConverter : Skipping PropertySource configurationProperties [class org.springframework.boot.context.properties.source.ConfigurationPropertySourcesPropertySource
2024-05-13T11:59:45.905+09:00  INFO 51310 --- [    Test worker] c.u.j.EncryptablePropertySourceConverter : Converting PropertySource test [org.springframework.core.env.MapPropertySource] to EncryptableMapPropertySourceWrapper
2024-05-13T11:59:45.906+09:00  INFO 51310 --- [    Test worker] c.u.j.EncryptablePropertySourceConverter : Converting PropertySource Inlined Test Properties [org.springframework.core.env.MapPropertySource] to EncryptableMapPropertySourceWrapper
2024-05-13T11:59:45.906+09:00  INFO 51310 --- [    Test worker] c.u.j.EncryptablePropertySourceConverter : Skipping PropertySource servletConfigInitParams [class org.springframework.core.env.PropertySource$StubPropertySource
2024-05-13T11:59:45.906+09:00  INFO 51310 --- [    Test worker] c.u.j.EncryptablePropertySourceConverter : Converting PropertySource servletContextInitParams [org.springframework.web.context.support.ServletContextPropertySource] to EncryptableEnumerablePropertySourceWrapper
2024-05-13T11:59:45.906+09:00  INFO 51310 --- [    Test worker] c.u.j.EncryptablePropertySourceConverter : Converting PropertySource systemProperties [org.springframework.core.env.PropertiesPropertySource] to EncryptableMapPropertySourceWrapper
2024-05-13T11:59:45.906+09:00  INFO 51310 --- [    Test worker] c.u.j.EncryptablePropertySourceConverter : Converting PropertySource systemEnvironment [org.springframework.boot.env.SystemEnvironmentPropertySourceEnvironmentPostProcessor$OriginAwareSystemEnvironmentPropertySource] to EncryptableSystemEnvironmentPropertySourceWrapper
2024-05-13T11:59:45.906+09:00  INFO 51310 --- [    Test worker] c.u.j.EncryptablePropertySourceConverter : Converting PropertySource random [org.springframework.boot.env.RandomValuePropertySource] to EncryptablePropertySourceWrapper
2024-05-13T11:59:45.907+09:00  INFO 51310 --- [    Test worker] c.u.j.EncryptablePropertySourceConverter : Converting PropertySource cachedrandom [org.springframework.cloud.util.random.CachedRandomPropertySource] to EncryptablePropertySourceWrapper
2024-05-13T11:59:45.907+09:00  INFO 51310 --- [    Test worker] c.u.j.EncryptablePropertySourceConverter : Converting PropertySource Config resource 'class path resource [application.yml]' via location 'optional:classpath:/' [org.springframework.boot.env.OriginTrackedMapPropertySource] to EncryptableMapPropertySourceWrapper
2024-05-13T11:59:45.907+09:00  INFO 51310 --- [    Test worker] c.u.j.EncryptablePropertySourceConverter : Converting PropertySource springCloudClientHostInfo [org.springframework.core.env.MapPropertySource] to EncryptableMapPropertySourceWrapper
2024-05-13T11:59:46.348+09:00  INFO 51310 --- [    Test worker] c.u.j.filter.DefaultLazyPropertyFilter   : Property Filter custom Bean not found with name 'encryptablePropertyFilter'. Initializing Default Property Filter
2024-05-13T11:59:46.380+09:00  INFO 51310 --- [    Test worker] c.u.j.r.DefaultLazyPropertyResolver      : Property Resolver custom Bean not found with name 'encryptablePropertyResolver'. Initializing Default Property Resolver
2024-05-13T11:59:46.383+09:00  INFO 51310 --- [    Test worker] c.u.j.d.DefaultLazyPropertyDetector      : Property Detector custom Bean not found with name 'encryptablePropertyDetector'. Initializing Default Property Detector
2024-05-13T11:59:46.578+09:00  INFO 51310 --- [    Test worker] o.hibernate.jpa.internal.util.LogHelper  : HHH000204: Processing PersistenceUnitInfo [name: default]
2024-05-13T11:59:46.611+09:00  INFO 51310 --- [    Test worker] org.hibernate.Version                    : HHH000412: Hibernate ORM core version 6.4.4.Final
2024-05-13T11:59:46.634+09:00  INFO 51310 --- [    Test worker] o.h.c.internal.RegionFactoryInitiator    : HHH000026: Second-level cache disabled
2024-05-13T11:59:46.819+09:00  INFO 51310 --- [    Test worker] o.s.o.j.p.SpringPersistenceUnitInfo      : No LoadTimeWeaver setup: ignoring JPA class transformer
2024-05-13T11:59:46.843+09:00  INFO 51310 --- [    Test worker] com.zaxxer.hikari.HikariDataSource       : HikariPool-1 - Starting...
2024-05-13T11:59:46.989+09:00  INFO 51310 --- [    Test worker] com.zaxxer.hikari.pool.HikariPool        : HikariPool-1 - Added connection com.mysql.cj.jdbc.ConnectionImpl@3275a47f
2024-05-13T11:59:46.992+09:00  INFO 51310 --- [    Test worker] com.zaxxer.hikari.HikariDataSource       : HikariPool-1 - Start completed.
2024-05-13T11:59:47.037+09:00  WARN 51310 --- [    Test worker] org.hibernate.orm.deprecation            : HHH90000025: MySQLDialect does not need to be specified explicitly using 'hibernate.dialect' (remove the property setting and it will be selected by default)
2024-05-13T11:59:48.408+09:00  INFO 51310 --- [    Test worker] o.h.e.t.j.p.i.JtaPlatformInitiator       : HHH000489: No JTA platform available (set 'hibernate.transaction.jta.platform' to enable JTA platform integration)
2024-05-13T11:59:48.648+09:00  INFO 51310 --- [    Test worker] j.LocalContainerEntityManagerFactoryBean : Initialized JPA EntityManagerFactory for persistence unit 'default'
2024-05-13T11:59:49.265+09:00  INFO 51310 --- [    Test worker] o.s.d.j.r.query.QueryEnhancerFactory     : JSqlParser is in classpath; If applicable, JSqlParser will be used
2024-05-13T11:59:49.266+09:00  INFO 51310 --- [    Test worker] o.s.d.j.r.query.QueryEnhancerFactory     : Hibernate is in classpath; If applicable, HQL parser will be used.
2024-05-13T11:59:50.546+09:00  WARN 51310 --- [    Test worker] JpaBaseConfiguration$JpaWebConfiguration : spring.jpa.open-in-view is enabled by default. Therefore, database queries may be performed during view rendering. Explicitly configure spring.jpa.open-in-view to disable this warning
2024-05-13T11:59:50.667+09:00  INFO 51310 --- [    Test worker] o.s.b.a.w.s.WelcomePageHandlerMapping    : Adding welcome page: class path resource [static/index.html]
2024-05-13T11:59:50.901+09:00  INFO 51310 --- [    Test worker] o.s.s.web.DefaultSecurityFilterChain     : Will secure any request with [org.springframework.security.web.session.DisableEncodeUrlFilter@e18848d, org.springframework.security.web.context.request.async.WebAsyncManagerIntegrationFilter@53a65166, org.springframework.security.web.context.SecurityContextHolderFilter@3cdf8aa5, org.springframework.security.web.header.HeaderWriterFilter@7dfc0fda, org.springframework.web.filter.CorsFilter@22aaa811, org.springframework.security.web.authentication.logout.LogoutFilter@6cf58989, com.green.onezo.jwt.JwtAuthenticationFilter@358f85b1, org.springframework.security.web.savedrequest.RequestCacheAwareFilter@310045fc, org.springframework.security.web.servletapi.SecurityContextHolderAwareRequestFilter@ae20523, org.springframework.security.web.authentication.AnonymousAuthenticationFilter@1df6f57d, org.springframework.security.web.session.SessionManagementFilter@5410bbdf, org.springframework.security.web.access.ExceptionTranslationFilter@544ee437, org.springframework.security.web.access.intercept.AuthorizationFilter@239fdf8f]
2024-05-13T11:59:51.887+09:00  INFO 51310 --- [    Test worker] com.green.onezo.pay.PayControllerTest    : Started PayControllerTest in 8.52 seconds (process running for 10.042)
Hibernate: 
    insert 
    into
        member
        (member, name, nickname, password, phone, resign_yn, role, user_id) 
    values
        (?, ?, ?, ?, ?, ?, ?, ?)
Hibernate: 
    insert 
    into
        pay
        (amount, create_date, customer_name, member_id, order_id, pay_fail_reason, pay_success_yn, pay_type, payment_key, user_id) 
    values
        (?, ?, ?, ?, ?, ?, ?, ?, ?, ?)
Hibernate: 
    select
        p1_0.pay_id,
        p1_0.amount,
        p1_0.create_date,
        p1_0.customer_name,
        p1_0.member_id,
        m1_0.member_id,
        m1_0.member,
        m1_0.name,
        m1_0.nickname,
        m1_0.password,
        m1_0.phone,
        m1_0.resign_yn,
        m1_0.role,
        m1_0.user_id,
        p1_0.order_id,
        p1_0.pay_fail_reason,
        p1_0.pay_success_yn,
        p1_0.pay_type,
        p1_0.payment_key,
        p1_0.user_id 
    from
        pay p1_0 
    join
        member m1_0 
            on m1_0.member_id=p1_0.member_id 
    where
        p1_0.pay_id=?
]]></system-out>
  <system-err><![CDATA[WARNING: A Java agent has been loaded dynamically (/Users/parkjun/.gradle/caches/modules-2/files-2.1/net.bytebuddy/byte-buddy-agent/1.14.13/979ce25f7d3096a2e82214ba7dc972a05ce7a171/byte-buddy-agent-1.14.13.jar)
WARNING: If a serviceability tool is in use, please run with -XX:+EnableDynamicAgentLoading to hide this warning
WARNING: If a serviceability tool is not in use, please run with -Djdk.instrument.traceUsage for more information
WARNING: Dynamic loading of agents will be disallowed by default in a future release
]]></system-err>
</testsuite>
